apps/api/src/crew-schedule/cron/workload-cron.service.ts(2,16): error TS6133: 'CronExpression' is declared but its value is never read.
apps/api/src/crew-schedule/services/auto-assignment.service.spec.ts(660,13): error TS6133: 'result' is declared but its value is never read.
apps/api/src/crew-schedule/services/auto-assignment.service.spec.ts(678,13): error TS6133: 'result' is declared but its value is never read.
apps/api/src/crew-schedule/services/auto-assignment.service.ts(8,1): error TS6133: 'AutoAssignDto' is declared but its value is never read.
apps/api/src/crew-schedule/services/auto-assignment.service.ts(61,5): error TS6133: 'jobId' is declared but its value is never read.
apps/api/src/crew-schedule/services/auto-assignment.service.ts(62,5): error TS6133: 'requirements' is declared but its value is never read.
apps/api/src/crew-schedule/services/auto-assignment.service.ts(202,5): error TS6133: 'duration' is declared but its value is never read.
apps/api/src/crew-schedule/services/crew-schedule.service.ts(13,51): error TS6133: 'format' is declared but its value is never read.
apps/api/src/crew-schedule/services/crew-schedule.service.ts(180,24): error TS6133: 'jobId' is declared but its value is never read.
apps/api/src/crew-schedule/services/time-off.service.ts(15,3): error TS6133: 'ReviewTimeOffDto' is declared but its value is never read.
apps/api/src/crew-schedule/services/workload.service.ts(8,23): error TS6133: 'endOfWeek' is declared but its value is never read.
apps/api/src/customers/customers.module.ts(8,10): error TS6133: 'DocumentEntity' is declared but its value is never read.
apps/api/src/customers/customers.service.spec.ts(17,9): error TS6133: 'mockCustomer' is declared but its value is never read.
apps/api/src/customers/customers.service.spec.ts(56,9): error TS6133: 'mockCommercialCustomer' is declared but its value is never read.
apps/api/src/customers/customers.service.spec.ts(138,37): error TS6133: 'query' is declared but its value is never read.
apps/api/src/database/document-size-monitoring.middleware.ts(70,13): error TS6133: 'sizeMB' is declared but its value is never read.
apps/api/src/database/seeders/seed-data.ts(17,1): error TS6133: 'faker' is declared but its value is never read.
apps/api/src/database/seeders/seed-data.ts(80,11): error TS6133: 'TariffModel' is declared but its value is never read.
apps/api/src/database/seeders/seeders/customers.seeder.ts(15,9): error TS6133: 'statuses' is declared but its value is never read.
apps/api/src/database/seeders/seeders/jobs.seeder.ts(15,9): error TS6133: 'statuses' is declared but its value is never read.
apps/api/src/database/seeders/seeders/jobs.seeder.ts(17,9): error TS6133: 'priorities' is declared but its value is never read.
apps/api/src/database/seeders/seeders/notifications.seeder.ts(28,9): error TS6133: 'priorities' is declared but its value is never read.
apps/api/src/database/seeders/seeders/opportunities.seeder.ts(19,9): error TS6133: 'statuses' is declared but its value is never read.
apps/api/src/database/seeders/seeders/partners.seeder.ts(20,9): error TS6133: 'statuses' is declared but its value is never read.
apps/api/src/documents/documents.controller.ts(78,66): error TS6133: 'req' is declared but its value is never read.
apps/api/src/documents/documents.service.spec.ts(118,13): error TS6133: 'mockDoc' is declared but its value is never read.
apps/api/src/estimates/estimates.service.spec.ts(10,3): error TS6133: 'invalidEstimateDto' is declared but its value is never read.
apps/api/src/estimates/estimates.service.spec.ts(11,3): error TS6133: 'mockEstimateResult' is declared but its value is never read.
apps/api/src/follow-up-rules/follow-up-rules.service.ts(235,11): error TS6133: 'userId' is declared but its value is never read.
apps/api/src/follow-up-rules/follow-up-rules.service.ts(267,46): error TS6133: 'eventData' is declared but its value is never read.
apps/api/src/follow-up-rules/follow-up-rules.service.ts(273,40): error TS6133: 'action' is declared but its value is never read.
apps/api/src/follow-up-rules/follow-up-rules.service.ts(273,53): error TS6133: 'eventData' is declared but its value is never read.
apps/api/src/graphql/dataloaders/crew.dataloader.ts(59,27): error TS6133: 'date' is declared but its value is never read.
apps/api/src/graphql/resolvers/analytics.resolver.ts(43,24): error TS6133: 'startDate' is declared but its value is never read.
apps/api/src/graphql/resolvers/analytics.resolver.ts(44,22): error TS6133: 'endDate' is declared but its value is never read.
apps/api/src/graphql/resolvers/analytics.resolver.ts(75,5): error TS6133: 'startDate' is declared but its value is never read.
apps/api/src/graphql/resolvers/analytics.resolver.ts(76,5): error TS6133: 'endDate' is declared but its value is never read.
apps/api/src/graphql/resolvers/analytics.resolver.ts(120,41): error TS6133: 'filters' is declared but its value is never read.
apps/api/src/graphql/resolvers/jobs.resolver.ts(1,65): error TS6133: 'ID' is declared but its value is never read.
apps/api/src/graphql/resolvers/jobs.resolver.ts(169,23): error TS6133: 'isPinned' is declared but its value is never read.
apps/api/src/health/health.service.spec.ts(14,7): error TS6133: 'databaseHealthIndicator' is declared but its value is never read.
apps/api/src/health/health.service.spec.ts(15,7): error TS6133: 'redisHealthIndicator' is declared but its value is never read.
apps/api/src/health/health.service.spec.ts(16,7): error TS6133: 'memoryHealthIndicator' is declared but its value is never read.
apps/api/src/health/health.service.spec.ts(17,7): error TS6133: 'diskHealthIndicator' is declared but its value is never read.
apps/api/src/jobs/jobs.service.spec.ts(8,3): error TS6133: 'Job' is declared but its value is never read.
apps/api/src/jobs/jobs.service.spec.ts(12,3): error TS6133: 'CrewAssignment' is declared but its value is never read.
apps/api/src/jobs/jobs.service.spec.ts(14,3): error TS6133: 'JobMilestone' is declared but its value is never read.
apps/api/src/jobs/jobs.service.spec.ts(470,13): error TS6133: 'result' is declared but its value is never read.
apps/api/src/jobs/jobs.service.spec.ts(646,13): error TS6133: 'job3' is declared but its value is never read.
apps/api/src/jobs/jobs.service.ts(3,17): error TS6133: 'Types' is declared but its value is never read.
apps/api/src/lead-activities/dto/create-activity.dto.ts(10,24): error TS6133: 'ActivityOutcome' is declared but its value is never read.
apps/api/src/lead-activities/lead-activities.service.ts(9,3): error TS6133: 'ActivityOutcome' is declared but its value is never read.
apps/api/src/messages/message-notification.service.ts(37,56): error TS6133: 'senderId' is declared but its value is never read.
apps/api/src/messages/message-notification.service.ts(48,66): error TS6133: 'recipients' is declared but its value is never read.
apps/api/src/messages/messages.controller.ts(35,63): error TS6133: 'req' is declared but its value is never read.
apps/api/src/messages/messages.service.spec.ts(3,49): error TS6133: 'BadRequestException' is declared but its value is never read.
apps/api/src/messages/messages.service.ts(196,13): error TS6133: 'userObjectId' is declared but its value is never read.
apps/api/src/opportunities/opportunities.controller.ts(5,3): error TS6133: 'Put' is declared but its value is never read.
apps/api/src/opportunities/opportunities.service.spec.ts(66,13): error TS6133: 'mockDoc' is declared but its value is never read.
apps/api/src/opportunities/opportunities.service.spec.ts(79,13): error TS6133: 'mockDoc' is declared but its value is never read.
apps/api/src/opportunities/opportunities.service.spec.ts(87,13): error TS6133: 'mockDoc' is declared but its value is never read.
apps/api/src/opportunities/opportunities.service.spec.ts(95,13): error TS6133: 'mockDoc' is declared but its value is never read.
apps/api/src/opportunities/opportunities.service.spec.ts(104,13): error TS6133: 'mockDoc' is declared but its value is never read.
apps/api/src/opportunities/opportunities.service.spec.ts(113,13): error TS6133: 'mockDoc' is declared but its value is never read.
apps/api/src/opportunities/opportunities.service.spec.ts(138,13): error TS6133: 'result' is declared but its value is never read.
apps/api/src/opportunities/opportunities.service.spec.ts(501,13): error TS6133: 'mockDoc' is declared but its value is never read.
apps/api/src/opportunities/opportunities.service.spec.ts(515,13): error TS6133: 'mockDoc' is declared but its value is never read.
apps/api/src/opportunities/opportunities.service.spec.ts(528,13): error TS6133: 'mockDoc' is declared but its value is never read.
apps/api/src/opportunities/opportunities.service.spec.ts(541,13): error TS6133: 'mockDoc' is declared but its value is never read.
apps/api/src/opportunities/opportunities.service.ts(3,17): error TS6133: 'Types' is declared but its value is never read.
apps/api/src/pricing-rules/pricing-rules.service.spec.ts(10,3): error TS6133: 'distanceBasedRule' is declared but its value is never read.
apps/api/src/pricing-rules/pricing-rules.service.spec.ts(11,3): error TS6133: 'specialItemsRule' is declared but its value is never read.
apps/api/src/pricing-rules/pricing-rules.service.spec.ts(12,3): error TS6133: 'seasonalRule' is declared but its value is never read.
apps/api/src/pricing-rules/pricing-rules.service.spec.ts(13,3): error TS6133: 'stairsHandicapRule' is declared but its value is never read.
apps/api/src/pricing-rules/pricing-rules.service.spec.ts(14,3): error TS6133: 'crewSizeRule' is declared but its value is never read.
apps/api/src/pricing-rules/pricing-rules.service.spec.ts(15,3): error TS6133: 'inactiveRule' is declared but its value is never read.
apps/api/src/pricing-rules/pricing-rules.service.spec.ts(21,3): error TS6133: 'mockRuleBackup' is declared but its value is never read.
apps/api/src/pricing-rules/pricing-rules.service.spec.ts(23,27): error TS6133: 'createMockQueryChain' is declared but its value is never read.
apps/api/src/pricing-rules/pricing-rules.service.spec.ts(210,13): error TS6133: 'mockSave' is declared but its value is never read.
apps/api/src/pricing-rules/pricing-rules.service.spec.ts(235,13): error TS6133: 'mockSave' is declared but its value is never read.
apps/api/src/pricing-rules/pricing-rules.service.spec.ts(245,13): error TS6133: 'mockSave' is declared but its value is never read.
apps/api/src/pricing-rules/pricing-rules.service.spec.ts(285,13): error TS6133: 'result' is declared but its value is never read.
apps/api/src/pricing-rules/pricing-rules.service.spec.ts(463,13): error TS6133: 'mockSave' is declared but its value is never read.
apps/api/src/tariff-settings/seed-data/seed-tariff-settings.spec.ts(2,1): error TS6133: 'getModelToken' is declared but its value is never read.
apps/api/src/tariff-settings/seed-data/seed-tariff-settings.spec.ts(6,3): error TS6133: 'seedDefaultTariffSettings' is declared but its value is never read.
apps/api/src/tariff-settings/tariff-settings.service.spec.ts(12,3): error TS6133: 'inactiveTariffSettings' is declared but its value is never read.
apps/api/src/tariff-settings/tariff-settings.service.spec.ts(13,3): error TS6133: 'draftTariffSettings' is declared but its value is never read.
apps/api/src/tariff-settings/tariff-settings.service.spec.ts(153,13): error TS6133: 'mockSaved' is declared but its value is never read.
apps/api/src/websocket/websocket.gateway.spec.ts(17,7): error TS6133: 'jwtService' is declared but its value is never read.
apps/api/src/websocket/websocket.gateway.spec.ts(18,7): error TS6133: 'authService' is declared but its value is never read.
apps/api/src/websocket/websocket.gateway.spec.ts(19,7): error TS6133: 'messagesService' is declared but its value is never read.
apps/api/src/websocket/websocket.gateway.spec.ts(225,17): error TS6133: 'stats' is declared but its value is never read.
apps/api/test/analytics.integration.spec.ts(2,1): error TS6133: 'request' is declared but its value is never read.
apps/api/test/analytics.integration.spec.ts(12,3): error TS6133: 'waitForCondition' is declared but its value is never read.
apps/api/test/auth.integration.spec.ts(9,3): error TS6133: 'loginTestUser' is declared but its value is never read.
apps/api/test/auth.integration.spec.ts(416,15): error TS6133: 'oldLoginResponse' is declared but its value is never read.
apps/api/test/customers.integration.spec.ts(2,1): error TS6133: 'request' is declared but its value is never read.
apps/api/test/customers.integration.spec.ts(537,15): error TS6133: 'otherResponse' is declared but its value is never read.
apps/api/test/e2e/complete-job-lifecycle.e2e-spec.ts(10,7): error TS6133: 'adminUserId' is declared but its value is never read.
apps/api/test/estimates.integration.spec.ts(9,3): error TS6133: 'authenticatedRequest' is declared but its value is never read.
apps/api/test/estimates.integration.spec.ts(40,7): error TS6133: 'adminAuth' is declared but its value is never read.
apps/api/test/estimates.integration.spec.ts(41,7): error TS6133: 'dispatcherAuth' is declared but its value is never read.
apps/api/test/integration-setup.ts(10,1): error TS6133: 'MongooseModule' is declared but its value is never read.
apps/api/test/integration/websocket-realtime.integration-spec.ts(509,40): error TS6133: 'data' is declared but its value is never read.
apps/api/test/jobs.integration.spec.ts(12,3): error TS6133: 'waitForCondition' is declared but its value is never read.
apps/api/test/jobs.integration.spec.ts(766,55): error TS6133: 'i' is declared but its value is never read.
apps/api/test/mocks/model.factory.ts(26,30): error TS6133: 'T' is declared but its value is never read.
apps/api/test/seed/test-data.seed.ts(405,27): error TS6133: 'customers' is declared but its value is never read.
apps/mobile/src/app/screens/DashboardScreen.tsx(18,17): error TS6133: 'isLoading' is declared but its value is never read.
apps/mobile/src/app/screens/JobDetailScreen.tsx(19,9): error TS6133: 'user' is declared but its value is never read.
apps/mobile/src/app/screens/LoginScreen.tsx(11,3): error TS6133: 'Image' is declared but its value is never read.
apps/mobile/src/app/screens/SignatureScreen.tsx(14,9): error TS6133: 'width' is declared but its value is never read.
apps/mobile/src/screens/auth/LoginScreen.tsx(16,3): error TS6133: 'Image' is declared but its value is never read.
apps/mobile/src/screens/auth/LoginScreen.tsx(23,29): error TS6133: 'navigation' is declared but its value is never read.
apps/mobile/src/screens/jobs/PhotoCaptureScreen.tsx(27,21): error TS6133: 'pendingActions' is declared but its value is never read.
apps/mobile/src/screens/schedule/ScheduleScreen.tsx(18,23): error TS6133: 'setSelectedDate' is declared but its value is never read.
apps/mobile/src/store/slices/documentsSlice.ts(9,1): error TS6133: 'queueAction' is declared but its value is never read.
apps/web/__tests__/NewOpportunity.test.tsx(7,46): error TS6133: 'within' is declared but its value is never read.
apps/web/__tests__/NewOpportunity.test.tsx(10,1): error TS6133: 'AuthProvider' is declared but its value is never read.
scripts/test-database-optimizations.ts(2,10): error TS6133: 'Job' is declared but its value is never read.
scripts/test-database-optimizations.ts(3,10): error TS6133: 'Customer' is declared but its value is never read.
scripts/test-database-optimizations.ts(4,10): error TS6133: 'User' is declared but its value is never read.
